> Task :buildSrc:checkKotlinGradlePluginConfigurationErrors SKIPPED
> Task :buildSrc:compileKotlin UP-TO-DATE
> Task :buildSrc:compileJava NO-SOURCE
> Task :buildSrc:compileGroovy NO-SOURCE
> Task :buildSrc:pluginDescriptors UP-TO-DATE
> Task :buildSrc:processResources NO-SOURCE
> Task :buildSrc:classes UP-TO-DATE
> Task :buildSrc:jar UP-TO-DATE
> Task :data_component:preBuild UP-TO-DATE
> Task :data_component:preDebugBuild UP-TO-DATE
> Task :data_component:dataBindingMergeDependencyArtifactsDebug UP-TO-DATE
> Task :data_component:generateDebugResValues UP-TO-DATE
> Task :data_component:generateDebugResources UP-TO-DATE
> Task :data_component:packageDebugResources UP-TO-DATE
> Task :data_component:processDebugNavigationResources UP-TO-DATE
> Task :data_component:parseDebugLocalResources UP-TO-DATE
> Task :data_component:dataBindingGenBaseClassesDebug UP-TO-DATE
> Task :data_component:dataBindingTriggerDebug UP-TO-DATE
> Task :data_component:generateDebugBuildConfig UP-TO-DATE
> Task :data_component:generateDebugRFile UP-TO-DATE

> Task :data_component:kspDebugKotlin FAILED
e: [ksp] java.lang.reflect.UndeclaredThrowableException

[Incubating] Problems report is available at: file:///D:/project/NIplayer/NIplayer/build/reports/problems/problems-report.html
.\gradlew.bat : 
At line:1 char:5
+ & { .\gradlew.bat :data_component:kspDebugKotlin 2>&1 | Out-File -Fil ...
+     ~~~~~~~~~~~~~~~~~~~~~~~~~~~~~~~~~~~~~~~~~~~~~~~~~
    + CategoryInfo          : NotSpecified: (:String) [], RemoteException
    + FullyQualifiedErrorId : NativeCommandError
 
FAILURE: Build failed with an exception.

* What went wrong:
Execution failed for task ':data_component:kspDebugKotlin'.
> A failure occurred while executing com.google.devtools.ksp.gradle.KspAAWorkerAction

* Try:
> Run with --stacktrace option to get the stack trace.
> Run with --info or --debug option to get more log output.
> Run with --scan to get full insights.
> Get more help at https://help.gradle.org.

Deprecated Gradle features were used in this build, making it incompatible with Gradle 9.0.

You can use '--warning-mode all' to show the individual deprecation warnings and determine if they come from your own scripts or plugins.

For more on this, please refer to https://docs.gradle.org/8.13/userguide/command_line_interface.html#sec:command_line_warnings in the Gradle documentation.

BUILD FAILED in 6s
14 actionable tasks: 1 executed, 13 up-to-date
